2023-10-15 11:56:12.154  INFO 7184 --- [restartedMain] com.ShopMe.ShopMeApplication             : Starting ShopMeApplication using Java 17.0.8 on sudhanshupc with PID 7184 (/home/sudhanshu/Documents/MyBackup/D/E-Commerce/ShopMe/ShopMe/target/classes started by sudhanshu in /home/sudhanshu/Documents/MyBackup/D/E-Commerce/ShopMe/ShopMe)
2023-10-15 11:56:12.158  INFO 7184 --- [restartedMain] com.ShopMe.ShopMeApplication             : No active profile set, falling back to 1 default profile: "default"
2023-10-15 11:56:12.197  INFO 7184 --- [restartedMain] .e.DevToolsPropertyDefaultsPostProcessor : Devtools property defaults active! Set 'spring.devtools.add-properties' to 'false' to disable
2023-10-15 11:56:12.197  INFO 7184 --- [restartedMain] .e.DevToolsPropertyDefaultsPostProcessor : For additional web related logging consider setting the 'logging.level.web' property to 'DEBUG'
2023-10-15 11:56:12.636  INFO 7184 --- [restartedMain] .s.d.r.c.RepositoryConfigurationDelegate : Bootstrapping Spring Data JPA repositories in DEFAULT mode.
2023-10-15 11:56:12.685  INFO 7184 --- [restartedMain] .s.d.r.c.RepositoryConfigurationDelegate : Finished Spring Data repository scanning in 43 ms. Found 11 JPA repository interfaces.
2023-10-15 11:56:13.046  INFO 7184 --- [restartedMain] o.s.b.w.embedded.tomcat.TomcatWebServer  : Tomcat initialized with port(s): 8080 (http)
2023-10-15 11:56:13.051  INFO 7184 --- [restartedMain] o.apache.catalina.core.StandardService   : Starting service [Tomcat]
2023-10-15 11:56:13.051  INFO 7184 --- [restartedMain] org.apache.catalina.core.StandardEngine  : Starting Servlet engine: [Apache Tomcat/9.0.73]
2023-10-15 11:56:13.086  INFO 7184 --- [restartedMain] o.a.c.c.C.[Tomcat].[localhost].[/]       : Initializing Spring embedded WebApplicationContext
2023-10-15 11:56:13.086  INFO 7184 --- [restartedMain] w.s.c.ServletWebServerApplicationContext : Root WebApplicationContext: initialization completed in 888 ms
2023-10-15 11:56:13.186  INFO 7184 --- [restartedMain] o.hibernate.jpa.internal.util.LogHelper  : HHH000204: Processing PersistenceUnitInfo [name: default]
2023-10-15 11:56:13.219  INFO 7184 --- [restartedMain] org.hibernate.Version                    : HHH000412: Hibernate ORM core version 5.6.15.Final
2023-10-15 11:56:13.337  INFO 7184 --- [restartedMain] o.hibernate.annotations.common.Version   : HCANN000001: Hibernate Commons Annotations {5.1.2.Final}
2023-10-15 11:56:13.423  INFO 7184 --- [restartedMain] com.zaxxer.hikari.HikariDataSource       : ecomm_shopme - Starting...
2023-10-15 11:56:13.691  INFO 7184 --- [restartedMain] com.zaxxer.hikari.HikariDataSource       : ecomm_shopme - Start completed.
2023-10-15 11:56:13.702  INFO 7184 --- [restartedMain] org.hibernate.dialect.Dialect            : HHH000400: Using dialect: org.hibernate.dialect.MySQL8Dialect
2023-10-15 11:56:14.343  INFO 7184 --- [restartedMain] o.h.e.t.j.p.i.JtaPlatformInitiator       : HHH000490: Using JtaPlatform implementation: [org.hibernate.engine.transaction.jta.platform.internal.NoJtaPlatform]
2023-10-15 11:56:14.348  INFO 7184 --- [restartedMain] j.LocalContainerEntityManagerFactoryBean : Initialized JPA EntityManagerFactory for persistence unit 'default'
2023-10-15 11:56:14.686  WARN 7184 --- [restartedMain] JpaBaseConfiguration$JpaWebConfiguration : spring.jpa.open-in-view is enabled by default. Therefore, database queries may be performed during view rendering. Explicitly configure spring.jpa.open-in-view to disable this warning
2023-10-15 11:56:14.954  WARN 7184 --- [restartedMain] o.s.s.c.a.web.builders.WebSecurity       : You are asking Spring Security to ignore Ant [pattern='/images/**']. This is not recommended -- please use permitAll via HttpSecurity#authorizeHttpRequests instead.
2023-10-15 11:56:14.955  INFO 7184 --- [restartedMain] o.s.s.web.DefaultSecurityFilterChain     : Will not secure Ant [pattern='/images/**']
2023-10-15 11:56:14.955  WARN 7184 --- [restartedMain] o.s.s.c.a.web.builders.WebSecurity       : You are asking Spring Security to ignore Ant [pattern='/js/**']. This is not recommended -- please use permitAll via HttpSecurity#authorizeHttpRequests instead.
2023-10-15 11:56:14.955  INFO 7184 --- [restartedMain] o.s.s.web.DefaultSecurityFilterChain     : Will not secure Ant [pattern='/js/**']
2023-10-15 11:56:14.955  WARN 7184 --- [restartedMain] o.s.s.c.a.web.builders.WebSecurity       : You are asking Spring Security to ignore Ant [pattern='/webjars/**']. This is not recommended -- please use permitAll via HttpSecurity#authorizeHttpRequests instead.
2023-10-15 11:56:14.955  INFO 7184 --- [restartedMain] o.s.s.web.DefaultSecurityFilterChain     : Will not secure Ant [pattern='/webjars/**']
2023-10-15 11:56:14.989  INFO 7184 --- [restartedMain] o.s.s.web.DefaultSecurityFilterChain     : Will secure any request with [org.springframework.security.web.session.DisableEncodeUrlFilter@79e99913, org.springframework.security.web.context.request.async.WebAsyncManagerIntegrationFilter@4b4f5edb, org.springframework.security.web.context.SecurityContextPersistenceFilter@464d6dc5, org.springframework.security.web.header.HeaderWriterFilter@2839607c, org.springframework.security.web.csrf.CsrfFilter@1501e73d, org.springframework.security.web.authentication.logout.LogoutFilter@4dba12c3, org.springframework.security.web.authentication.UsernamePasswordAuthenticationFilter@42865342, org.springframework.security.web.savedrequest.RequestCacheAwareFilter@6e0f8af, org.springframework.security.web.servletapi.SecurityContextHolderAwareRequestFilter@a518528, org.springframework.security.web.authentication.rememberme.RememberMeAuthenticationFilter@3e37dc6f, org.springframework.security.web.authentication.AnonymousAuthenticationFilter@59537b35, org.springframework.security.web.session.SessionManagementFilter@532b3334, org.springframework.security.web.access.ExceptionTranslationFilter@2776a25a, org.springframework.security.web.access.intercept.FilterSecurityInterceptor@757bd046]
2023-10-15 11:56:15.081  INFO 7184 --- [restartedMain] o.s.b.a.w.s.WelcomePageHandlerMapping    : Adding welcome page template: index
2023-10-15 11:56:15.478  INFO 7184 --- [restartedMain] o.s.b.d.a.OptionalLiveReloadServer       : LiveReload server is running on port 35729
2023-10-15 11:56:15.505  INFO 7184 --- [restartedMain] o.s.b.w.embedded.tomcat.TomcatWebServer  : Tomcat started on port(s): 8080 (http) with context path ''
2023-10-15 11:56:15.514  INFO 7184 --- [restartedMain] com.ShopMe.ShopMeApplication             : Started ShopMeApplication in 3.628 seconds (JVM running for 4.208)
2023-10-15 11:56:25.415  INFO 7184 --- [http-nio-8080-exec-1] o.a.c.c.C.[Tomcat].[localhost].[/]       : Initializing Spring DispatcherServlet 'dispatcherServlet'
2023-10-15 11:56:25.415  INFO 7184 --- [http-nio-8080-exec-1] o.s.web.servlet.DispatcherServlet        : Initializing Servlet 'dispatcherServlet'
2023-10-15 11:56:25.416  INFO 7184 --- [http-nio-8080-exec-1] o.s.web.servlet.DispatcherServlet        : Completed initialization in 1 ms
2023-10-15 12:06:40.423  INFO 7184 --- [SpringApplicationShutdownHook] j.LocalContainerEntityManagerFactoryBean : Closing JPA EntityManagerFactory for persistence unit 'default'
2023-10-15 12:06:40.425  INFO 7184 --- [SpringApplicationShutdownHook] com.zaxxer.hikari.HikariDataSource       : ecomm_shopme - Shutdown initiated...
2023-10-15 12:06:40.430  INFO 7184 --- [SpringApplicationShutdownHook] com.zaxxer.hikari.HikariDataSource       : ecomm_shopme - Shutdown completed.
2023-10-15 12:06:45.248  INFO 9862 --- [restartedMain] com.ShopMe.ShopMeApplication             : Starting ShopMeApplication using Java 17.0.8 on sudhanshupc with PID 9862 (/home/sudhanshu/Documents/MyBackup/D/E-Commerce/ShopMe/ShopMe/target/classes started by sudhanshu in /home/sudhanshu/Documents/MyBackup/D/E-Commerce/ShopMe/ShopMe)
2023-10-15 12:06:45.249  INFO 9862 --- [restartedMain] com.ShopMe.ShopMeApplication             : No active profile set, falling back to 1 default profile: "default"
2023-10-15 12:06:45.287  INFO 9862 --- [restartedMain] .e.DevToolsPropertyDefaultsPostProcessor : Devtools property defaults active! Set 'spring.devtools.add-properties' to 'false' to disable
2023-10-15 12:06:45.287  INFO 9862 --- [restartedMain] .e.DevToolsPropertyDefaultsPostProcessor : For additional web related logging consider setting the 'logging.level.web' property to 'DEBUG'
2023-10-15 12:06:45.814  INFO 9862 --- [restartedMain] .s.d.r.c.RepositoryConfigurationDelegate : Bootstrapping Spring Data JPA repositories in DEFAULT mode.
2023-10-15 12:06:45.877  INFO 9862 --- [restartedMain] .s.d.r.c.RepositoryConfigurationDelegate : Finished Spring Data repository scanning in 55 ms. Found 11 JPA repository interfaces.
2023-10-15 12:06:46.225  INFO 9862 --- [restartedMain] o.s.b.w.embedded.tomcat.TomcatWebServer  : Tomcat initialized with port(s): 8080 (http)
2023-10-15 12:06:46.230  INFO 9862 --- [restartedMain] o.apache.catalina.core.StandardService   : Starting service [Tomcat]
2023-10-15 12:06:46.231  INFO 9862 --- [restartedMain] org.apache.catalina.core.StandardEngine  : Starting Servlet engine: [Apache Tomcat/9.0.73]
2023-10-15 12:06:46.264  INFO 9862 --- [restartedMain] o.a.c.c.C.[Tomcat].[localhost].[/]       : Initializing Spring embedded WebApplicationContext
2023-10-15 12:06:46.264  INFO 9862 --- [restartedMain] w.s.c.ServletWebServerApplicationContext : Root WebApplicationContext: initialization completed in 976 ms
2023-10-15 12:06:46.301  WARN 9862 --- [restartedMain] o.a.c.c.C.[Tomcat].[localhost].[/]       : Cannot deserialize session attribute [SPRING_SECURITY_CONTEXT] for session [78866AB2858286878ED1AB6245C8E367]
2023-10-15 12:06:46.366  INFO 9862 --- [restartedMain] o.hibernate.jpa.internal.util.LogHelper  : HHH000204: Processing PersistenceUnitInfo [name: default]
2023-10-15 12:06:46.398  INFO 9862 --- [restartedMain] org.hibernate.Version                    : HHH000412: Hibernate ORM core version 5.6.15.Final
2023-10-15 12:06:46.512  INFO 9862 --- [restartedMain] o.hibernate.annotations.common.Version   : HCANN000001: Hibernate Commons Annotations {5.1.2.Final}
2023-10-15 12:06:46.573  INFO 9862 --- [restartedMain] com.zaxxer.hikari.HikariDataSource       : ecomm_shopme - Starting...
2023-10-15 12:06:46.780  INFO 9862 --- [restartedMain] com.zaxxer.hikari.HikariDataSource       : ecomm_shopme - Start completed.
2023-10-15 12:06:46.789  INFO 9862 --- [restartedMain] org.hibernate.dialect.Dialect            : HHH000400: Using dialect: org.hibernate.dialect.MySQL8Dialect
2023-10-15 12:06:47.472  INFO 9862 --- [restartedMain] o.h.e.t.j.p.i.JtaPlatformInitiator       : HHH000490: Using JtaPlatform implementation: [org.hibernate.engine.transaction.jta.platform.internal.NoJtaPlatform]
2023-10-15 12:06:47.477  INFO 9862 --- [restartedMain] j.LocalContainerEntityManagerFactoryBean : Initialized JPA EntityManagerFactory for persistence unit 'default'
2023-10-15 12:06:47.781  WARN 9862 --- [restartedMain] JpaBaseConfiguration$JpaWebConfiguration : spring.jpa.open-in-view is enabled by default. Therefore, database queries may be performed during view rendering. Explicitly configure spring.jpa.open-in-view to disable this warning
2023-10-15 12:06:48.060  WARN 9862 --- [restartedMain] o.s.s.c.a.web.builders.WebSecurity       : You are asking Spring Security to ignore Ant [pattern='/images/**']. This is not recommended -- please use permitAll via HttpSecurity#authorizeHttpRequests instead.
2023-10-15 12:06:48.061  INFO 9862 --- [restartedMain] o.s.s.web.DefaultSecurityFilterChain     : Will not secure Ant [pattern='/images/**']
2023-10-15 12:06:48.061  WARN 9862 --- [restartedMain] o.s.s.c.a.web.builders.WebSecurity       : You are asking Spring Security to ignore Ant [pattern='/js/**']. This is not recommended -- please use permitAll via HttpSecurity#authorizeHttpRequests instead.
2023-10-15 12:06:48.061  INFO 9862 --- [restartedMain] o.s.s.web.DefaultSecurityFilterChain     : Will not secure Ant [pattern='/js/**']
2023-10-15 12:06:48.061  WARN 9862 --- [restartedMain] o.s.s.c.a.web.builders.WebSecurity       : You are asking Spring Security to ignore Ant [pattern='/webjars/**']. This is not recommended -- please use permitAll via HttpSecurity#authorizeHttpRequests instead.
2023-10-15 12:06:48.061  INFO 9862 --- [restartedMain] o.s.s.web.DefaultSecurityFilterChain     : Will not secure Ant [pattern='/webjars/**']
2023-10-15 12:06:48.087  INFO 9862 --- [restartedMain] o.s.s.web.DefaultSecurityFilterChain     : Will secure any request with [org.springframework.security.web.session.DisableEncodeUrlFilter@506273a, org.springframework.security.web.context.request.async.WebAsyncManagerIntegrationFilter@302e8b63, org.springframework.security.web.context.SecurityContextPersistenceFilter@9102bdf, org.springframework.security.web.header.HeaderWriterFilter@34be275c, org.springframework.security.web.csrf.CsrfFilter@5dac5d03, org.springframework.security.web.authentication.logout.LogoutFilter@248c4216, org.springframework.security.web.authentication.UsernamePasswordAuthenticationFilter@2e1371c8, org.springframework.security.web.savedrequest.RequestCacheAwareFilter@fd6159, org.springframework.security.web.servletapi.SecurityContextHolderAwareRequestFilter@7d5a650d, org.springframework.security.web.authentication.rememberme.RememberMeAuthenticationFilter@4a509dbb, org.springframework.security.web.authentication.AnonymousAuthenticationFilter@2dab088a, org.springframework.security.web.session.SessionManagementFilter@4f456b8, org.springframework.security.web.access.ExceptionTranslationFilter@bf69cb5, org.springframework.security.web.access.intercept.FilterSecurityInterceptor@49dc4ad6]
2023-10-15 12:06:48.183  INFO 9862 --- [restartedMain] o.s.b.a.w.s.WelcomePageHandlerMapping    : Adding welcome page template: index
2023-10-15 12:06:48.496  INFO 9862 --- [restartedMain] o.s.b.d.a.OptionalLiveReloadServer       : LiveReload server is running on port 35729
2023-10-15 12:06:48.518  INFO 9862 --- [restartedMain] o.s.b.w.embedded.tomcat.TomcatWebServer  : Tomcat started on port(s): 8080 (http) with context path ''
2023-10-15 12:06:48.526  INFO 9862 --- [restartedMain] com.ShopMe.ShopMeApplication             : Started ShopMeApplication in 3.47 seconds (JVM running for 3.991)
2023-10-15 12:09:01.162  INFO 9862 --- [SpringApplicationShutdownHook] j.LocalContainerEntityManagerFactoryBean : Closing JPA EntityManagerFactory for persistence unit 'default'
2023-10-15 12:09:01.165  INFO 9862 --- [SpringApplicationShutdownHook] com.zaxxer.hikari.HikariDataSource       : ecomm_shopme - Shutdown initiated...
2023-10-15 12:09:01.169  INFO 9862 --- [SpringApplicationShutdownHook] com.zaxxer.hikari.HikariDataSource       : ecomm_shopme - Shutdown completed.
2023-10-15 12:09:59.267  INFO 10325 --- [restartedMain] com.ShopMe.ShopMeApplication             : Starting ShopMeApplication using Java 17.0.8 on sudhanshupc with PID 10325 (/home/sudhanshu/Documents/MyBackup/D/E-Commerce/ShopMe/ShopMe/target/classes started by sudhanshu in /home/sudhanshu/Documents/MyBackup/D/E-Commerce/ShopMe/ShopMe)
2023-10-15 12:09:59.268  INFO 10325 --- [restartedMain] com.ShopMe.ShopMeApplication             : No active profile set, falling back to 1 default profile: "default"
2023-10-15 12:09:59.311  INFO 10325 --- [restartedMain] .e.DevToolsPropertyDefaultsPostProcessor : Devtools property defaults active! Set 'spring.devtools.add-properties' to 'false' to disable
2023-10-15 12:09:59.311  INFO 10325 --- [restartedMain] .e.DevToolsPropertyDefaultsPostProcessor : For additional web related logging consider setting the 'logging.level.web' property to 'DEBUG'
2023-10-15 12:09:59.726  INFO 10325 --- [restartedMain] .s.d.r.c.RepositoryConfigurationDelegate : Bootstrapping Spring Data JPA repositories in DEFAULT mode.
2023-10-15 12:09:59.770  INFO 10325 --- [restartedMain] .s.d.r.c.RepositoryConfigurationDelegate : Finished Spring Data repository scanning in 38 ms. Found 11 JPA repository interfaces.
2023-10-15 12:10:00.131  INFO 10325 --- [restartedMain] o.s.b.w.embedded.tomcat.TomcatWebServer  : Tomcat initialized with port(s): 8080 (http)
2023-10-15 12:10:00.136  INFO 10325 --- [restartedMain] o.apache.catalina.core.StandardService   : Starting service [Tomcat]
2023-10-15 12:10:00.136  INFO 10325 --- [restartedMain] org.apache.catalina.core.StandardEngine  : Starting Servlet engine: [Apache Tomcat/9.0.73]
2023-10-15 12:10:00.170  INFO 10325 --- [restartedMain] o.a.c.c.C.[Tomcat].[localhost].[/]       : Initializing Spring embedded WebApplicationContext
2023-10-15 12:10:00.170  INFO 10325 --- [restartedMain] w.s.c.ServletWebServerApplicationContext : Root WebApplicationContext: initialization completed in 858 ms
2023-10-15 12:10:00.261  INFO 10325 --- [restartedMain] o.hibernate.jpa.internal.util.LogHelper  : HHH000204: Processing PersistenceUnitInfo [name: default]
2023-10-15 12:10:00.290  INFO 10325 --- [restartedMain] org.hibernate.Version                    : HHH000412: Hibernate ORM core version 5.6.15.Final
2023-10-15 12:10:00.389  INFO 10325 --- [restartedMain] o.hibernate.annotations.common.Version   : HCANN000001: Hibernate Commons Annotations {5.1.2.Final}
2023-10-15 12:10:00.450  INFO 10325 --- [restartedMain] com.zaxxer.hikari.HikariDataSource       : ecomm_shopme - Starting...
2023-10-15 12:10:00.635  INFO 10325 --- [restartedMain] com.zaxxer.hikari.HikariDataSource       : ecomm_shopme - Start completed.
2023-10-15 12:10:00.644  INFO 10325 --- [restartedMain] org.hibernate.dialect.Dialect            : HHH000400: Using dialect: org.hibernate.dialect.MySQL8Dialect
2023-10-15 12:10:01.303  INFO 10325 --- [restartedMain] o.h.e.t.j.p.i.JtaPlatformInitiator       : HHH000490: Using JtaPlatform implementation: [org.hibernate.engine.transaction.jta.platform.internal.NoJtaPlatform]
2023-10-15 12:10:01.309  INFO 10325 --- [restartedMain] j.LocalContainerEntityManagerFactoryBean : Initialized JPA EntityManagerFactory for persistence unit 'default'
2023-10-15 12:10:01.632  WARN 10325 --- [restartedMain] JpaBaseConfiguration$JpaWebConfiguration : spring.jpa.open-in-view is enabled by default. Therefore, database queries may be performed during view rendering. Explicitly configure spring.jpa.open-in-view to disable this warning
2023-10-15 12:10:01.772  WARN 10325 --- [restartedMain] ConfigServletWebServerApplicationContext : Exception encountered during context initialization - cancelling refresh attempt: org.springframework.beans.factory.UnsatisfiedDependencyException: Error creating bean with name 'productController' defined in file [/home/sudhanshu/Documents/MyBackup/D/E-Commerce/ShopMe/ShopMe/target/classes/com/ShopMe/Controller/ProductController.class]: Unsatisfied dependency expressed through constructor parameter 0; nested exception is org.springframework.beans.factory.UnsatisfiedDependencyException: Error creating bean with name 'productService' defined in file [/home/sudhanshu/Documents/MyBackup/D/E-Commerce/ShopMe/ShopMe/target/classes/com/ShopMe/Service/Impl/ProductService.class]: Unsatisfied dependency expressed through constructor parameter 0; nested exception is org.springframework.beans.factory.BeanCreationException: Error creating bean with name 'productRepo' defined in com.ShopMe.DAO.ProductRepo defined in @EnableJpaRepositories declared on JpaRepositoriesRegistrar.EnableJpaRepositoriesConfiguration: Invocation of init method failed; nested exception is org.springframework.data.repository.query.QueryCreationException: Could not create query for public abstract org.springframework.data.domain.Page com.ShopMe.DAO.ProductRepo.searchInCategory(java.lang.Integer,java.lang.String,java.lang.String,org.springframework.data.domain.Pageable); Reason: Validation failed for query for method public abstract org.springframework.data.domain.Page com.ShopMe.DAO.ProductRepo.searchInCategory(java.lang.Integer,java.lang.String,java.lang.String,org.springframework.data.domain.Pageable)!; nested exception is java.lang.IllegalArgumentException: Validation failed for query for method public abstract org.springframework.data.domain.Page com.ShopMe.DAO.ProductRepo.searchInCategory(java.lang.Integer,java.lang.String,java.lang.String,org.springframework.data.domain.Pageable)!
2023-10-15 12:10:01.773  INFO 10325 --- [restartedMain] j.LocalContainerEntityManagerFactoryBean : Closing JPA EntityManagerFactory for persistence unit 'default'
2023-10-15 12:10:01.775  INFO 10325 --- [restartedMain] com.zaxxer.hikari.HikariDataSource       : ecomm_shopme - Shutdown initiated...
2023-10-15 12:10:01.780  INFO 10325 --- [restartedMain] com.zaxxer.hikari.HikariDataSource       : ecomm_shopme - Shutdown completed.
2023-10-15 12:10:01.781  INFO 10325 --- [restartedMain] o.apache.catalina.core.StandardService   : Stopping service [Tomcat]
2023-10-15 12:10:01.789  INFO 10325 --- [restartedMain] ConditionEvaluationReportLoggingListener : 

Error starting ApplicationContext. To display the conditions report re-run your application with 'debug' enabled.
2023-10-15 12:10:01.803 ERROR 10325 --- [restartedMain] o.s.boot.SpringApplication               : Application run failed

org.springframework.beans.factory.UnsatisfiedDependencyException: Error creating bean with name 'productController' defined in file [/home/sudhanshu/Documents/MyBackup/D/E-Commerce/ShopMe/ShopMe/target/classes/com/ShopMe/Controller/ProductController.class]: Unsatisfied dependency expressed through constructor parameter 0; nested exception is org.springframework.beans.factory.UnsatisfiedDependencyException: Error creating bean with name 'productService' defined in file [/home/sudhanshu/Documents/MyBackup/D/E-Commerce/ShopMe/ShopMe/target/classes/com/ShopMe/Service/Impl/ProductService.class]: Unsatisfied dependency expressed through constructor parameter 0; nested exception is org.springframework.beans.factory.BeanCreationException: Error creating bean with name 'productRepo' defined in com.ShopMe.DAO.ProductRepo defined in @EnableJpaRepositories declared on JpaRepositoriesRegistrar.EnableJpaRepositoriesConfiguration: Invocation of init method failed; nested exception is org.springframework.data.repository.query.QueryCreationException: Could not create query for public abstract org.springframework.data.domain.Page com.ShopMe.DAO.ProductRepo.searchInCategory(java.lang.Integer,java.lang.String,java.lang.String,org.springframework.data.domain.Pageable); Reason: Validation failed for query for method public abstract org.springframework.data.domain.Page com.ShopMe.DAO.ProductRepo.searchInCategory(java.lang.Integer,java.lang.String,java.lang.String,org.springframework.data.domain.Pageable)!; nested exception is java.lang.IllegalArgumentException: Validation failed for query for method public abstract org.springframework.data.domain.Page com.ShopMe.DAO.ProductRepo.searchInCategory(java.lang.Integer,java.lang.String,java.lang.String,org.springframework.data.domain.Pageable)!
	at org.springframework.beans.factory.support.ConstructorResolver.createArgumentArray(ConstructorResolver.java:800) ~[spring-beans-5.3.26.jar:5.3.26]
	at org.springframework.beans.factory.support.ConstructorResolver.autowireConstructor(ConstructorResolver.java:229) ~[spring-beans-5.3.26.jar:5.3.26]
	at org.springframework.beans.factory.support.AbstractAutowireCapableBeanFactory.autowireConstructor(AbstractAutowireCapableBeanFactory.java:1372) ~[spring-beans-5.3.26.jar:5.3.26]
	at org.springframework.beans.factory.support.AbstractAutowireCapableBeanFactory.createBeanInstance(AbstractAutowireCapableBeanFactory.java:1222) ~[spring-beans-5.3.26.jar:5.3.26]
	at org.springframework.beans.factory.support.AbstractAutowireCapableBeanFactory.doCreateBean(AbstractAutowireCapableBeanFactory.java:582) ~[spring-beans-5.3.26.jar:5.3.26]
	at org.springframework.beans.factory.support.AbstractAutowireCapableBeanFactory.createBean(AbstractAutowireCapableBeanFactory.java:542) ~[spring-beans-5.3.26.jar:5.3.26]
	at org.springframework.beans.factory.support.AbstractBeanFactory.lambda$doGetBean$0(AbstractBeanFactory.java:335) ~[spring-beans-5.3.26.jar:5.3.26]
	at org.springframework.beans.factory.support.DefaultSingletonBeanRegistry.getSingleton(DefaultSingletonBeanRegistry.java:234) ~[spring-beans-5.3.26.jar:5.3.26]
	at org.springframework.beans.factory.support.AbstractBeanFactory.doGetBean(AbstractBeanFactory.java:333) ~[spring-beans-5.3.26.jar:5.3.26]
	at org.springframework.beans.factory.support.AbstractBeanFactory.getBean(AbstractBeanFactory.java:208) ~[spring-beans-5.3.26.jar:5.3.26]
	at org.springframework.beans.factory.support.DefaultListableBeanFactory.preInstantiateSingletons(DefaultListableBeanFactory.java:955) ~[spring-beans-5.3.26.jar:5.3.26]
	at org.springframework.context.support.AbstractApplicationContext.finishBeanFactoryInitialization(AbstractApplicationContext.java:920) ~[spring-context-5.3.26.jar:5.3.26]
	at org.springframework.context.support.AbstractApplicationContext.refresh(AbstractApplicationContext.java:583) ~[spring-context-5.3.26.jar:5.3.26]
	at org.springframework.boot.web.servlet.context.ServletWebServerApplicationContext.refresh(ServletWebServerApplicationContext.java:147) ~[spring-boot-2.7.10.jar:2.7.10]
	at org.springframework.boot.SpringApplication.refresh(SpringApplication.java:731) ~[spring-boot-2.7.10.jar:2.7.10]
	at org.springframework.boot.SpringApplication.refreshContext(SpringApplication.java:408) ~[spring-boot-2.7.10.jar:2.7.10]
	at org.springframework.boot.SpringApplication.run(SpringApplication.java:307) ~[spring-boot-2.7.10.jar:2.7.10]
	at org.springframework.boot.SpringApplication.run(SpringApplication.java:1303) ~[spring-boot-2.7.10.jar:2.7.10]
	at org.springframework.boot.SpringApplication.run(SpringApplication.java:1292) ~[spring-boot-2.7.10.jar:2.7.10]
	at com.ShopMe.ShopMeApplication.main(ShopMeApplication.java:24) ~[classes/:na]
	at java.base/jdk.internal.reflect.NativeMethodAccessorImpl.invoke0(Native Method) ~[na:na]
	at java.base/jdk.internal.reflect.NativeMethodAccessorImpl.invoke(NativeMethodAccessorImpl.java:77) ~[na:na]
	at java.base/jdk.internal.reflect.DelegatingMethodAccessorImpl.invoke(DelegatingMethodAccessorImpl.java:43) ~[na:na]
	at java.base/java.lang.reflect.Method.invoke(Method.java:568) ~[na:na]
	at org.springframework.boot.devtools.restart.RestartLauncher.run(RestartLauncher.java:49) ~[spring-boot-devtools-2.7.10.jar:2.7.10]
Caused by: org.springframework.beans.factory.UnsatisfiedDependencyException: Error creating bean with name 'productService' defined in file [/home/sudhanshu/Documents/MyBackup/D/E-Commerce/ShopMe/ShopMe/target/classes/com/ShopMe/Service/Impl/ProductService.class]: Unsatisfied dependency expressed through constructor parameter 0; nested exception is org.springframework.beans.factory.BeanCreationException: Error creating bean with name 'productRepo' defined in com.ShopMe.DAO.ProductRepo defined in @EnableJpaRepositories declared on JpaRepositoriesRegistrar.EnableJpaRepositoriesConfiguration: Invocation of init method failed; nested exception is org.springframework.data.repository.query.QueryCreationException: Could not create query for public abstract org.springframework.data.domain.Page com.ShopMe.DAO.ProductRepo.searchInCategory(java.lang.Integer,java.lang.String,java.lang.String,org.springframework.data.domain.Pageable); Reason: Validation failed for query for method public abstract org.springframework.data.domain.Page com.ShopMe.DAO.ProductRepo.searchInCategory(java.lang.Integer,java.lang.String,java.lang.String,org.springframework.data.domain.Pageable)!; nested exception is java.lang.IllegalArgumentException: Validation failed for query for method public abstract org.springframework.data.domain.Page com.ShopMe.DAO.ProductRepo.searchInCategory(java.lang.Integer,java.lang.String,java.lang.String,org.springframework.data.domain.Pageable)!
	at org.springframework.beans.factory.support.ConstructorResolver.createArgumentArray(ConstructorResolver.java:800) ~[spring-beans-5.3.26.jar:5.3.26]
	at org.springframework.beans.factory.support.ConstructorResolver.autowireConstructor(ConstructorResolver.java:229) ~[spring-beans-5.3.26.jar:5.3.26]
	at org.springframework.beans.factory.support.AbstractAutowireCapableBeanFactory.autowireConstructor(AbstractAutowireCapableBeanFactory.java:1372) ~[spring-beans-5.3.26.jar:5.3.26]
	at org.springframework.beans.factory.support.AbstractAutowireCapableBeanFactory.createBeanInstance(AbstractAutowireCapableBeanFactory.java:1222) ~[spring-beans-5.3.26.jar:5.3.26]
	at org.springframework.beans.factory.support.AbstractAutowireCapableBeanFactory.doCreateBean(AbstractAutowireCapableBeanFactory.java:582) ~[spring-beans-5.3.26.jar:5.3.26]
	at org.springframework.beans.factory.support.AbstractAutowireCapableBeanFactory.createBean(AbstractAutowireCapableBeanFactory.java:542) ~[spring-beans-5.3.26.jar:5.3.26]
	at org.springframework.beans.factory.support.AbstractBeanFactory.lambda$doGetBean$0(AbstractBeanFactory.java:335) ~[spring-beans-5.3.26.jar:5.3.26]
	at org.springframework.beans.factory.support.DefaultSingletonBeanRegistry.getSingleton(DefaultSingletonBeanRegistry.java:234) ~[spring-beans-5.3.26.jar:5.3.26]
	at org.springframework.beans.factory.support.AbstractBeanFactory.doGetBean(AbstractBeanFactory.java:333) ~[spring-beans-5.3.26.jar:5.3.26]
	at org.springframework.beans.factory.support.AbstractBeanFactory.getBean(AbstractBeanFactory.java:208) ~[spring-beans-5.3.26.jar:5.3.26]
	at org.springframework.beans.factory.config.DependencyDescriptor.resolveCandidate(DependencyDescriptor.java:276) ~[spring-beans-5.3.26.jar:5.3.26]
	at org.springframework.beans.factory.support.DefaultListableBeanFactory.doResolveDependency(DefaultListableBeanFactory.java:1391) ~[spring-beans-5.3.26.jar:5.3.26]
	at org.springframework.beans.factory.support.DefaultListableBeanFactory.resolveDependency(DefaultListableBeanFactory.java:1311) ~[spring-beans-5.3.26.jar:5.3.26]
	at org.springframework.beans.factory.support.ConstructorResolver.resolveAutowiredArgument(ConstructorResolver.java:887) ~[spring-beans-5.3.26.jar:5.3.26]
	at org.springframework.beans.factory.support.ConstructorResolver.createArgumentArray(ConstructorResolver.java:791) ~[spring-beans-5.3.26.jar:5.3.26]
	... 24 common frames omitted
Caused by: org.springframework.beans.factory.BeanCreationException: Error creating bean with name 'productRepo' defined in com.ShopMe.DAO.ProductRepo defined in @EnableJpaRepositories declared on JpaRepositoriesRegistrar.EnableJpaRepositoriesConfiguration: Invocation of init method failed; nested exception is org.springframework.data.repository.query.QueryCreationException: Could not create query for public abstract org.springframework.data.domain.Page com.ShopMe.DAO.ProductRepo.searchInCategory(java.lang.Integer,java.lang.String,java.lang.String,org.springframework.data.domain.Pageable); Reason: Validation failed for query for method public abstract org.springframework.data.domain.Page com.ShopMe.DAO.ProductRepo.searchInCategory(java.lang.Integer,java.lang.String,java.lang.String,org.springframework.data.domain.Pageable)!; nested exception is java.lang.IllegalArgumentException: Validation failed for query for method public abstract org.springframework.data.domain.Page com.ShopMe.DAO.ProductRepo.searchInCategory(java.lang.Integer,java.lang.String,java.lang.String,org.springframework.data.domain.Pageable)!
	at org.springframework.beans.factory.support.AbstractAutowireCapableBeanFactory.initializeBean(AbstractAutowireCapableBeanFactory.java:1804) ~[spring-beans-5.3.26.jar:5.3.26]
	at org.springframework.beans.factory.support.AbstractAutowireCapableBeanFactory.doCreateBean(AbstractAutowireCapableBeanFactory.java:620) ~[spring-beans-5.3.26.jar:5.3.26]
	at org.springframework.beans.factory.support.AbstractAutowireCapableBeanFactory.createBean(AbstractAutowireCapableBeanFactory.java:542) ~[spring-beans-5.3.26.jar:5.3.26]
	at org.springframework.beans.factory.support.AbstractBeanFactory.lambda$doGetBean$0(AbstractBeanFactory.java:335) ~[spring-beans-5.3.26.jar:5.3.26]
	at org.springframework.beans.factory.support.DefaultSingletonBeanRegistry.getSingleton(DefaultSingletonBeanRegistry.java:234) ~[spring-beans-5.3.26.jar:5.3.26]
	at org.springframework.beans.factory.support.AbstractBeanFactory.doGetBean(AbstractBeanFactory.java:333) ~[spring-beans-5.3.26.jar:5.3.26]
	at org.springframework.beans.factory.support.AbstractBeanFactory.getBean(AbstractBeanFactory.java:208) ~[spring-beans-5.3.26.jar:5.3.26]
	at org.springframework.beans.factory.config.DependencyDescriptor.resolveCandidate(DependencyDescriptor.java:276) ~[spring-beans-5.3.26.jar:5.3.26]
	at org.springframework.beans.factory.support.DefaultListableBeanFactory.doResolveDependency(DefaultListableBeanFactory.java:1391) ~[spring-beans-5.3.26.jar:5.3.26]
	at org.springframework.beans.factory.support.DefaultListableBeanFactory.resolveDependency(DefaultListableBeanFactory.java:1311) ~[spring-beans-5.3.26.jar:5.3.26]
	at org.springframework.beans.factory.support.ConstructorResolver.resolveAutowiredArgument(ConstructorResolver.java:887) ~[spring-beans-5.3.26.jar:5.3.26]
	at org.springframework.beans.factory.support.ConstructorResolver.createArgumentArray(ConstructorResolver.java:791) ~[spring-beans-5.3.26.jar:5.3.26]
	... 38 common frames omitted
Caused by: org.springframework.data.repository.query.QueryCreationException: Could not create query for public abstract org.springframework.data.domain.Page com.ShopMe.DAO.ProductRepo.searchInCategory(java.lang.Integer,java.lang.String,java.lang.String,org.springframework.data.domain.Pageable); Reason: Validation failed for query for method public abstract org.springframework.data.domain.Page com.ShopMe.DAO.ProductRepo.searchInCategory(java.lang.Integer,java.lang.String,java.lang.String,org.springframework.data.domain.Pageable)!; nested exception is java.lang.IllegalArgumentException: Validation failed for query for method public abstract org.springframework.data.domain.Page com.ShopMe.DAO.ProductRepo.searchInCategory(java.lang.Integer,java.lang.String,java.lang.String,org.springframework.data.domain.Pageable)!
	at org.springframework.data.repository.query.QueryCreationException.create(QueryCreationException.java:101) ~[spring-data-commons-2.7.10.jar:2.7.10]
	at org.springframework.data.repository.core.support.QueryExecutorMethodInterceptor.lookupQuery(QueryExecutorMethodInterceptor.java:107) ~[spring-data-commons-2.7.10.jar:2.7.10]
	at org.springframework.data.repository.core.support.QueryExecutorMethodInterceptor.lambda$mapMethodsToQuery$1(QueryExecutorMethodInterceptor.java:95) ~[spring-data-commons-2.7.10.jar:2.7.10]
	at java.base/java.util.stream.ReferencePipeline$3$1.accept(ReferencePipeline.java:197) ~[na:na]
	at java.base/java.util.Iterator.forEachRemaining(Iterator.java:133) ~[na:na]
	at java.base/java.util.Collections$UnmodifiableCollection$1.forEachRemaining(Collections.java:1061) ~[na:na]
	at java.base/java.util.Spliterators$IteratorSpliterator.forEachRemaining(Spliterators.java:1845) ~[na:na]
	at java.base/java.util.stream.AbstractPipeline.copyInto(AbstractPipeline.java:509) ~[na:na]
	at java.base/java.util.stream.AbstractPipeline.wrapAndCopyInto(AbstractPipeline.java:499) ~[na:na]
	at java.base/java.util.stream.ReduceOps$ReduceOp.evaluateSequential(ReduceOps.java:921) ~[na:na]
	at java.base/java.util.stream.AbstractPipeline.evaluate(AbstractPipeline.java:234) ~[na:na]
	at java.base/java.util.stream.ReferencePipeline.collect(ReferencePipeline.java:682) ~[na:na]
	at org.springframework.data.repository.core.support.QueryExecutorMethodInterceptor.mapMethodsToQuery(QueryExecutorMethodInterceptor.java:97) ~[spring-data-commons-2.7.10.jar:2.7.10]
	at org.springframework.data.repository.core.support.QueryExecutorMethodInterceptor.lambda$new$0(QueryExecutorMethodInterceptor.java:87) ~[spring-data-commons-2.7.10.jar:2.7.10]
	at java.base/java.util.Optional.map(Optional.java:260) ~[na:na]
	at org.springframework.data.repository.core.support.QueryExecutorMethodInterceptor.<init>(QueryExecutorMethodInterceptor.java:87) ~[spring-data-commons-2.7.10.jar:2.7.10]
	at org.springframework.data.repository.core.support.RepositoryFactorySupport.getRepository(RepositoryFactorySupport.java:365) ~[spring-data-commons-2.7.10.jar:2.7.10]
	at org.springframework.data.repository.core.support.RepositoryFactoryBeanSupport.lambda$afterPropertiesSet$5(RepositoryFactoryBeanSupport.java:323) ~[spring-data-commons-2.7.10.jar:2.7.10]
	at org.springframework.data.util.Lazy.getNullable(Lazy.java:231) ~[spring-data-commons-2.7.10.jar:2.7.10]
	at org.springframework.data.util.Lazy.get(Lazy.java:115) ~[spring-data-commons-2.7.10.jar:2.7.10]
	at org.springframework.data.repository.core.support.RepositoryFactoryBeanSupport.afterPropertiesSet(RepositoryFactoryBeanSupport.java:329) ~[spring-data-commons-2.7.10.jar:2.7.10]
	at org.springframework.data.jpa.repository.support.JpaRepositoryFactoryBean.afterPropertiesSet(JpaRepositoryFactoryBean.java:144) ~[spring-data-jpa-2.7.10.jar:2.7.10]
	at org.springframework.beans.factory.support.AbstractAutowireCapableBeanFactory.invokeInitMethods(AbstractAutowireCapableBeanFactory.java:1863) ~[spring-beans-5.3.26.jar:5.3.26]
	at org.springframework.beans.factory.support.AbstractAutowireCapableBeanFactory.initializeBean(AbstractAutowireCapableBeanFactory.java:1800) ~[spring-beans-5.3.26.jar:5.3.26]
	... 49 common frames omitted
Caused by: java.lang.IllegalArgumentException: Validation failed for query for method public abstract org.springframework.data.domain.Page com.ShopMe.DAO.ProductRepo.searchInCategory(java.lang.Integer,java.lang.String,java.lang.String,org.springframework.data.domain.Pageable)!
	at org.springframework.data.jpa.repository.query.SimpleJpaQuery.validateQuery(SimpleJpaQuery.java:96) ~[spring-data-jpa-2.7.10.jar:2.7.10]
	at org.springframework.data.jpa.repository.query.SimpleJpaQuery.<init>(SimpleJpaQuery.java:66) ~[spring-data-jpa-2.7.10.jar:2.7.10]
	at org.springframework.data.jpa.repository.query.JpaQueryFactory.fromMethodWithQueryString(JpaQueryFactory.java:51) ~[spring-data-jpa-2.7.10.jar:2.7.10]
	at org.springframework.data.jpa.repository.query.JpaQueryLookupStrategy$DeclaredQueryLookupStrategy.resolveQuery(JpaQueryLookupStrategy.java:169) ~[spring-data-jpa-2.7.10.jar:2.7.10]
	at org.springframework.data.jpa.repository.query.JpaQueryLookupStrategy$CreateIfNotFoundQueryLookupStrategy.resolveQuery(JpaQueryLookupStrategy.java:253) ~[spring-data-jpa-2.7.10.jar:2.7.10]
	at org.springframework.data.jpa.repository.query.JpaQueryLookupStrategy$AbstractQueryLookupStrategy.resolveQuery(JpaQueryLookupStrategy.java:93) ~[spring-data-jpa-2.7.10.jar:2.7.10]
	at org.springframework.data.repository.core.support.QueryExecutorMethodInterceptor.lookupQuery(QueryExecutorMethodInterceptor.java:103) ~[spring-data-commons-2.7.10.jar:2.7.10]
	... 71 common frames omitted
Caused by: java.lang.IllegalArgumentException: org.hibernate.QueryException: could not resolve property: allParentIDs of: com.ShopMe.Entity.Category [SELECT p FROM com.ShopMe.Entity.Product p WHERE (p.category.id = ?1 OR p.category.allParentIDs LIKE ?2) AND (p.name LIKE ?3 OR p.id LIKE ?3 OR p.shortDescription LIKE ?3 OR p.fullDescription LIKE ?3 OR p.brand.name LIKE ?3 OR p.category.name LIKE ?3)]
	at org.hibernate.internal.ExceptionConverterImpl.convert(ExceptionConverterImpl.java:138) ~[hibernate-core-5.6.15.Final.jar:5.6.15.Final]
	at org.hibernate.internal.ExceptionConverterImpl.convert(ExceptionConverterImpl.java:181) ~[hibernate-core-5.6.15.Final.jar:5.6.15.Final]
	at org.hibernate.internal.ExceptionConverterImpl.convert(ExceptionConverterImpl.java:188) ~[hibernate-core-5.6.15.Final.jar:5.6.15.Final]
	at org.hibernate.internal.AbstractSharedSessionContract.createQuery(AbstractSharedSessionContract.java:757) ~[hibernate-core-5.6.15.Final.jar:5.6.15.Final]
	at org.hibernate.internal.AbstractSharedSessionContract.createQuery(AbstractSharedSessionContract.java:114) ~[hibernate-core-5.6.15.Final.jar:5.6.15.Final]
	at jdk.internal.reflect.GeneratedMethodAccessor28.invoke(Unknown Source) ~[na:na]
	at java.base/jdk.internal.reflect.DelegatingMethodAccessorImpl.invoke(DelegatingMethodAccessorImpl.java:43) ~[na:na]
	at java.base/java.lang.reflect.Method.invoke(Method.java:568) ~[na:na]
	at org.springframework.orm.jpa.ExtendedEntityManagerCreator$ExtendedEntityManagerInvocationHandler.invoke(ExtendedEntityManagerCreator.java:362) ~[spring-orm-5.3.26.jar:5.3.26]
	at jdk.proxy3/jdk.proxy3.$Proxy128.createQuery(Unknown Source) ~[na:na]
	at org.springframework.data.jpa.repository.query.SimpleJpaQuery.validateQuery(SimpleJpaQuery.java:90) ~[spring-data-jpa-2.7.10.jar:2.7.10]
	... 77 common frames omitted
Caused by: org.hibernate.QueryException: could not resolve property: allParentIDs of: com.ShopMe.Entity.Category [SELECT p FROM com.ShopMe.Entity.Product p WHERE (p.category.id = ?1 OR p.category.allParentIDs LIKE ?2) AND (p.name LIKE ?3 OR p.id LIKE ?3 OR p.shortDescription LIKE ?3 OR p.fullDescription LIKE ?3 OR p.brand.name LIKE ?3 OR p.category.name LIKE ?3)]
	at org.hibernate.QueryException.generateQueryException(QueryException.java:120) ~[hibernate-core-5.6.15.Final.jar:5.6.15.Final]
	at org.hibernate.QueryException.wrapWithQueryString(QueryException.java:103) ~[hibernate-core-5.6.15.Final.jar:5.6.15.Final]
	at org.hibernate.hql.internal.ast.QueryTranslatorImpl.doCompile(QueryTranslatorImpl.java:220) ~[hibernate-core-5.6.15.Final.jar:5.6.15.Final]
	at org.hibernate.hql.internal.ast.QueryTranslatorImpl.compile(QueryTranslatorImpl.java:144) ~[hibernate-core-5.6.15.Final.jar:5.6.15.Final]
	at org.hibernate.engine.query.spi.HQLQueryPlan.<init>(HQLQueryPlan.java:112) ~[hibernate-core-5.6.15.Final.jar:5.6.15.Final]
	at org.hibernate.engine.query.spi.HQLQueryPlan.<init>(HQLQueryPlan.java:73) ~[hibernate-core-5.6.15.Final.jar:5.6.15.Final]
	at org.hibernate.engine.query.spi.QueryPlanCache.getHQLQueryPlan(QueryPlanCache.java:162) ~[hibernate-core-5.6.15.Final.jar:5.6.15.Final]
	at org.hibernate.internal.AbstractSharedSessionContract.getQueryPlan(AbstractSharedSessionContract.java:636) ~[hibernate-core-5.6.15.Final.jar:5.6.15.Final]
	at org.hibernate.internal.AbstractSharedSessionContract.createQuery(AbstractSharedSessionContract.java:748) ~[hibernate-core-5.6.15.Final.jar:5.6.15.Final]
	... 84 common frames omitted
Caused by: org.hibernate.QueryException: could not resolve property: allParentIDs of: com.ShopMe.Entity.Category
	at org.hibernate.persister.entity.AbstractPropertyMapping.propertyException(AbstractPropertyMapping.java:78) ~[hibernate-core-5.6.15.Final.jar:5.6.15.Final]
	at org.hibernate.persister.entity.AbstractPropertyMapping.toType(AbstractPropertyMapping.java:72) ~[hibernate-core-5.6.15.Final.jar:5.6.15.Final]
	at org.hibernate.persister.entity.AbstractEntityPersister.toType(AbstractEntityPersister.java:2053) ~[hibernate-core-5.6.15.Final.jar:5.6.15.Final]
	at org.hibernate.hql.internal.ast.tree.FromElementType.getPropertyType(FromElementType.java:412) ~[hibernate-core-5.6.15.Final.jar:5.6.15.Final]
	at org.hibernate.hql.internal.ast.tree.FromElement.getPropertyType(FromElement.java:524) ~[hibernate-core-5.6.15.Final.jar:5.6.15.Final]
	at org.hibernate.hql.internal.ast.tree.DotNode.getDataType(DotNode.java:723) ~[hibernate-core-5.6.15.Final.jar:5.6.15.Final]
	at org.hibernate.hql.internal.ast.tree.DotNode.prepareLhs(DotNode.java:268) ~[hibernate-core-5.6.15.Final.jar:5.6.15.Final]
	at org.hibernate.hql.internal.ast.tree.DotNode.resolve(DotNode.java:208) ~[hibernate-core-5.6.15.Final.jar:5.6.15.Final]
	at org.hibernate.hql.internal.ast.HqlSqlWalker.resolve(HqlSqlWalker.java:1066) ~[hibernate-core-5.6.15.Final.jar:5.6.15.Final]
	at org.hibernate.hql.internal.antlr.HqlSqlBaseWalker.expr(HqlSqlBaseWalker.java:1319) ~[hibernate-core-5.6.15.Final.jar:5.6.15.Final]
	at org.hibernate.hql.internal.antlr.HqlSqlBaseWalker.exprOrSubquery(HqlSqlBaseWalker.java:4797) ~[hibernate-core-5.6.15.Final.jar:5.6.15.Final]
	at org.hibernate.hql.internal.antlr.HqlSqlBaseWalker.comparisonExpr(HqlSqlBaseWalker.java:4405) ~[hibernate-core-5.6.15.Final.jar:5.6.15.Final]
	at org.hibernate.hql.internal.antlr.HqlSqlBaseWalker.logicalExpr(HqlSqlBaseWalker.java:2180) ~[hibernate-core-5.6.15.Final.jar:5.6.15.Final]
	at org.hibernate.hql.internal.antlr.HqlSqlBaseWalker.logicalExpr(HqlSqlBaseWalker.java:2133) ~[hibernate-core-5.6.15.Final.jar:5.6.15.Final]
	at org.hibernate.hql.internal.antlr.HqlSqlBaseWalker.logicalExpr(HqlSqlBaseWalker.java:2105) ~[hibernate-core-5.6.15.Final.jar:5.6.15.Final]
	at org.hibernate.hql.internal.antlr.HqlSqlBaseWalker.whereClause(HqlSqlBaseWalker.java:841) ~[hibernate-core-5.6.15.Final.jar:5.6.15.Final]
	at org.hibernate.hql.internal.antlr.HqlSqlBaseWalker.query(HqlSqlBaseWalker.java:635) ~[hibernate-core-5.6.15.Final.jar:5.6.15.Final]
	at org.hibernate.hql.internal.antlr.HqlSqlBaseWalker.selectStatement(HqlSqlBaseWalker.java:339) ~[hibernate-core-5.6.15.Final.jar:5.6.15.Final]
	at org.hibernate.hql.internal.antlr.HqlSqlBaseWalker.statement(HqlSqlBaseWalker.java:287) ~[hibernate-core-5.6.15.Final.jar:5.6.15.Final]
	at org.hibernate.hql.internal.ast.QueryTranslatorImpl.analyze(QueryTranslatorImpl.java:276) ~[hibernate-core-5.6.15.Final.jar:5.6.15.Final]
	at org.hibernate.hql.internal.ast.QueryTranslatorImpl.doCompile(QueryTranslatorImpl.java:192) ~[hibernate-core-5.6.15.Final.jar:5.6.15.Final]
	... 90 common frames omitted

2023-10-15 12:10:24.821  INFO 10506 --- [restartedMain] com.ShopMe.ShopMeApplication             : Starting ShopMeApplication using Java 17.0.8 on sudhanshupc with PID 10506 (/home/sudhanshu/Documents/MyBackup/D/E-Commerce/ShopMe/ShopMe/target/classes started by sudhanshu in /home/sudhanshu/Documents/MyBackup/D/E-Commerce/ShopMe/ShopMe)
2023-10-15 12:10:24.823  INFO 10506 --- [restartedMain] com.ShopMe.ShopMeApplication             : No active profile set, falling back to 1 default profile: "default"
2023-10-15 12:10:24.892  INFO 10506 --- [restartedMain] .e.DevToolsPropertyDefaultsPostProcessor : Devtools property defaults active! Set 'spring.devtools.add-properties' to 'false' to disable
2023-10-15 12:10:24.892  INFO 10506 --- [restartedMain] .e.DevToolsPropertyDefaultsPostProcessor : For additional web related logging consider setting the 'logging.level.web' property to 'DEBUG'
2023-10-15 12:10:25.437  INFO 10506 --- [restartedMain] .s.d.r.c.RepositoryConfigurationDelegate : Bootstrapping Spring Data JPA repositories in DEFAULT mode.
2023-10-15 12:10:25.489  INFO 10506 --- [restartedMain] .s.d.r.c.RepositoryConfigurationDelegate : Finished Spring Data repository scanning in 44 ms. Found 11 JPA repository interfaces.
2023-10-15 12:10:25.864  INFO 10506 --- [restartedMain] o.s.b.w.embedded.tomcat.TomcatWebServer  : Tomcat initialized with port(s): 8080 (http)
2023-10-15 12:10:25.869  INFO 10506 --- [restartedMain] o.apache.catalina.core.StandardService   : Starting service [Tomcat]
2023-10-15 12:10:25.869  INFO 10506 --- [restartedMain] org.apache.catalina.core.StandardEngine  : Starting Servlet engine: [Apache Tomcat/9.0.73]
2023-10-15 12:10:25.898  INFO 10506 --- [restartedMain] o.a.c.c.C.[Tomcat].[localhost].[/]       : Initializing Spring embedded WebApplicationContext
2023-10-15 12:10:25.898  INFO 10506 --- [restartedMain] w.s.c.ServletWebServerApplicationContext : Root WebApplicationContext: initialization completed in 1004 ms
2023-10-15 12:10:25.976  INFO 10506 --- [restartedMain] o.hibernate.jpa.internal.util.LogHelper  : HHH000204: Processing PersistenceUnitInfo [name: default]
2023-10-15 12:10:25.999  INFO 10506 --- [restartedMain] org.hibernate.Version                    : HHH000412: Hibernate ORM core version 5.6.15.Final
2023-10-15 12:10:26.070  INFO 10506 --- [restartedMain] o.hibernate.annotations.common.Version   : HCANN000001: Hibernate Commons Annotations {5.1.2.Final}
2023-10-15 12:10:26.133  INFO 10506 --- [restartedMain] com.zaxxer.hikari.HikariDataSource       : ecomm_shopme - Starting...
2023-10-15 12:10:26.334  INFO 10506 --- [restartedMain] com.zaxxer.hikari.HikariDataSource       : ecomm_shopme - Start completed.
2023-10-15 12:10:26.342  INFO 10506 --- [restartedMain] org.hibernate.dialect.Dialect            : HHH000400: Using dialect: org.hibernate.dialect.MySQL8Dialect
2023-10-15 12:10:26.921  INFO 10506 --- [restartedMain] o.h.e.t.j.p.i.JtaPlatformInitiator       : HHH000490: Using JtaPlatform implementation: [org.hibernate.engine.transaction.jta.platform.internal.NoJtaPlatform]
2023-10-15 12:10:26.927  INFO 10506 --- [restartedMain] j.LocalContainerEntityManagerFactoryBean : Initialized JPA EntityManagerFactory for persistence unit 'default'
2023-10-15 12:10:27.225  WARN 10506 --- [restartedMain] JpaBaseConfiguration$JpaWebConfiguration : spring.jpa.open-in-view is enabled by default. Therefore, database queries may be performed during view rendering. Explicitly configure spring.jpa.open-in-view to disable this warning
2023-10-15 12:10:27.505  WARN 10506 --- [restartedMain] o.s.s.c.a.web.builders.WebSecurity       : You are asking Spring Security to ignore Ant [pattern='/images/**']. This is not recommended -- please use permitAll via HttpSecurity#authorizeHttpRequests instead.
2023-10-15 12:10:27.505  INFO 10506 --- [restartedMain] o.s.s.web.DefaultSecurityFilterChain     : Will not secure Ant [pattern='/images/**']
2023-10-15 12:10:27.505  WARN 10506 --- [restartedMain] o.s.s.c.a.web.builders.WebSecurity       : You are asking Spring Security to ignore Ant [pattern='/js/**']. This is not recommended -- please use permitAll via HttpSecurity#authorizeHttpRequests instead.
2023-10-15 12:10:27.505  INFO 10506 --- [restartedMain] o.s.s.web.DefaultSecurityFilterChain     : Will not secure Ant [pattern='/js/**']
2023-10-15 12:10:27.506  WARN 10506 --- [restartedMain] o.s.s.c.a.web.builders.WebSecurity       : You are asking Spring Security to ignore Ant [pattern='/webjars/**']. This is not recommended -- please use permitAll via HttpSecurity#authorizeHttpRequests instead.
2023-10-15 12:10:27.506  INFO 10506 --- [restartedMain] o.s.s.web.DefaultSecurityFilterChain     : Will not secure Ant [pattern='/webjars/**']
2023-10-15 12:10:27.533  INFO 10506 --- [restartedMain] o.s.s.web.DefaultSecurityFilterChain     : Will secure any request with [org.springframework.security.web.session.DisableEncodeUrlFilter@4b03a527, org.springframework.security.web.context.request.async.WebAsyncManagerIntegrationFilter@5f9a270f, org.springframework.security.web.context.SecurityContextPersistenceFilter@63f414f9, org.springframework.security.web.header.HeaderWriterFilter@3544c5d5, org.springframework.security.web.csrf.CsrfFilter@43fb1f12, org.springframework.security.web.authentication.logout.LogoutFilter@2b1e5e81, org.springframework.security.web.authentication.UsernamePasswordAuthenticationFilter@1cd6022a, org.springframework.security.web.savedrequest.RequestCacheAwareFilter@7bae18b, org.springframework.security.web.servletapi.SecurityContextHolderAwareRequestFilter@6daab06f, org.springframework.security.web.authentication.rememberme.RememberMeAuthenticationFilter@5b9658a, org.springframework.security.web.authentication.AnonymousAuthenticationFilter@61586591, org.springframework.security.web.session.SessionManagementFilter@11b81dbb, org.springframework.security.web.access.ExceptionTranslationFilter@32d7b03d, org.springframework.security.web.access.intercept.FilterSecurityInterceptor@45dc50ca]
2023-10-15 12:10:27.629  INFO 10506 --- [restartedMain] o.s.b.a.w.s.WelcomePageHandlerMapping    : Adding welcome page template: index
2023-10-15 12:10:27.961  INFO 10506 --- [restartedMain] o.s.b.d.a.OptionalLiveReloadServer       : LiveReload server is running on port 35729
2023-10-15 12:10:27.982  INFO 10506 --- [restartedMain] o.s.b.w.embedded.tomcat.TomcatWebServer  : Tomcat started on port(s): 8080 (http) with context path ''
2023-10-15 12:10:27.990  INFO 10506 --- [restartedMain] com.ShopMe.ShopMeApplication             : Started ShopMeApplication in 3.4 seconds (JVM running for 3.764)
2023-10-15 12:16:39.689  INFO 10506 --- [SpringApplicationShutdownHook] j.LocalContainerEntityManagerFactoryBean : Closing JPA EntityManagerFactory for persistence unit 'default'
2023-10-15 12:16:39.691  INFO 10506 --- [SpringApplicationShutdownHook] com.zaxxer.hikari.HikariDataSource       : ecomm_shopme - Shutdown initiated...
2023-10-15 12:16:39.694  INFO 10506 --- [SpringApplicationShutdownHook] com.zaxxer.hikari.HikariDataSource       : ecomm_shopme - Shutdown completed.
2023-10-15 12:16:41.418  INFO 11038 --- [restartedMain] com.ShopMe.ShopMeApplication             : Starting ShopMeApplication using Java 17.0.8 on sudhanshupc with PID 11038 (/home/sudhanshu/Documents/MyBackup/D/E-Commerce/ShopMe/ShopMe/target/classes started by sudhanshu in /home/sudhanshu/Documents/MyBackup/D/E-Commerce/ShopMe/ShopMe)
2023-10-15 12:16:41.420  INFO 11038 --- [restartedMain] com.ShopMe.ShopMeApplication             : No active profile set, falling back to 1 default profile: "default"
2023-10-15 12:16:41.457  INFO 11038 --- [restartedMain] .e.DevToolsPropertyDefaultsPostProcessor : Devtools property defaults active! Set 'spring.devtools.add-properties' to 'false' to disable
2023-10-15 12:16:41.457  INFO 11038 --- [restartedMain] .e.DevToolsPropertyDefaultsPostProcessor : For additional web related logging consider setting the 'logging.level.web' property to 'DEBUG'
2023-10-15 12:16:41.883  INFO 11038 --- [restartedMain] .s.d.r.c.RepositoryConfigurationDelegate : Bootstrapping Spring Data JPA repositories in DEFAULT mode.
2023-10-15 12:16:41.924  INFO 11038 --- [restartedMain] .s.d.r.c.RepositoryConfigurationDelegate : Finished Spring Data repository scanning in 35 ms. Found 11 JPA repository interfaces.
2023-10-15 12:16:42.356  INFO 11038 --- [restartedMain] o.s.b.w.embedded.tomcat.TomcatWebServer  : Tomcat initialized with port(s): 8080 (http)
2023-10-15 12:16:42.365  INFO 11038 --- [restartedMain] o.apache.catalina.core.StandardService   : Starting service [Tomcat]
2023-10-15 12:16:42.366  INFO 11038 --- [restartedMain] org.apache.catalina.core.StandardEngine  : Starting Servlet engine: [Apache Tomcat/9.0.73]
2023-10-15 12:16:42.416  INFO 11038 --- [restartedMain] o.a.c.c.C.[Tomcat].[localhost].[/]       : Initializing Spring embedded WebApplicationContext
2023-10-15 12:16:42.417  INFO 11038 --- [restartedMain] w.s.c.ServletWebServerApplicationContext : Root WebApplicationContext: initialization completed in 960 ms
2023-10-15 12:16:42.525  INFO 11038 --- [restartedMain] o.hibernate.jpa.internal.util.LogHelper  : HHH000204: Processing PersistenceUnitInfo [name: default]
2023-10-15 12:16:42.562  INFO 11038 --- [restartedMain] org.hibernate.Version                    : HHH000412: Hibernate ORM core version 5.6.15.Final
2023-10-15 12:16:42.680  INFO 11038 --- [restartedMain] o.hibernate.annotations.common.Version   : HCANN000001: Hibernate Commons Annotations {5.1.2.Final}
2023-10-15 12:16:42.747  INFO 11038 --- [restartedMain] com.zaxxer.hikari.HikariDataSource       : ecomm_shopme - Starting...
2023-10-15 12:16:42.914  INFO 11038 --- [restartedMain] com.zaxxer.hikari.HikariDataSource       : ecomm_shopme - Start completed.
2023-10-15 12:16:42.923  INFO 11038 --- [restartedMain] org.hibernate.dialect.Dialect            : HHH000400: Using dialect: org.hibernate.dialect.MySQL8Dialect
2023-10-15 12:16:43.487  INFO 11038 --- [restartedMain] o.h.e.t.j.p.i.JtaPlatformInitiator       : HHH000490: Using JtaPlatform implementation: [org.hibernate.engine.transaction.jta.platform.internal.NoJtaPlatform]
2023-10-15 12:16:43.493  INFO 11038 --- [restartedMain] j.LocalContainerEntityManagerFactoryBean : Initialized JPA EntityManagerFactory for persistence unit 'default'
2023-10-15 12:16:43.781  WARN 11038 --- [restartedMain] JpaBaseConfiguration$JpaWebConfiguration : spring.jpa.open-in-view is enabled by default. Therefore, database queries may be performed during view rendering. Explicitly configure spring.jpa.open-in-view to disable this warning
2023-10-15 12:16:44.053  WARN 11038 --- [restartedMain] o.s.s.c.a.web.builders.WebSecurity       : You are asking Spring Security to ignore Ant [pattern='/images/**']. This is not recommended -- please use permitAll via HttpSecurity#authorizeHttpRequests instead.
2023-10-15 12:16:44.053  INFO 11038 --- [restartedMain] o.s.s.web.DefaultSecurityFilterChain     : Will not secure Ant [pattern='/images/**']
2023-10-15 12:16:44.054  WARN 11038 --- [restartedMain] o.s.s.c.a.web.builders.WebSecurity       : You are asking Spring Security to ignore Ant [pattern='/js/**']. This is not recommended -- please use permitAll via HttpSecurity#authorizeHttpRequests instead.
2023-10-15 12:16:44.054  INFO 11038 --- [restartedMain] o.s.s.web.DefaultSecurityFilterChain     : Will not secure Ant [pattern='/js/**']
2023-10-15 12:16:44.054  WARN 11038 --- [restartedMain] o.s.s.c.a.web.builders.WebSecurity       : You are asking Spring Security to ignore Ant [pattern='/webjars/**']. This is not recommended -- please use permitAll via HttpSecurity#authorizeHttpRequests instead.
2023-10-15 12:16:44.054  INFO 11038 --- [restartedMain] o.s.s.web.DefaultSecurityFilterChain     : Will not secure Ant [pattern='/webjars/**']
2023-10-15 12:16:44.080  INFO 11038 --- [restartedMain] o.s.s.web.DefaultSecurityFilterChain     : Will secure any request with [org.springframework.security.web.session.DisableEncodeUrlFilter@3a77dc4b, org.springframework.security.web.context.request.async.WebAsyncManagerIntegrationFilter@776b5cbd, org.springframework.security.web.context.SecurityContextPersistenceFilter@672bf31f, org.springframework.security.web.header.HeaderWriterFilter@357948a6, org.springframework.security.web.csrf.CsrfFilter@2776a25a, org.springframework.security.web.authentication.logout.LogoutFilter@ef1b711, org.springframework.security.web.authentication.UsernamePasswordAuthenticationFilter@341775c4, org.springframework.security.web.savedrequest.RequestCacheAwareFilter@31e5b21a, org.springframework.security.web.servletapi.SecurityContextHolderAwareRequestFilter@1710800, org.springframework.security.web.authentication.rememberme.RememberMeAuthenticationFilter@7516d767, org.springframework.security.web.authentication.AnonymousAuthenticationFilter@c15f3c6, org.springframework.security.web.session.SessionManagementFilter@47a122bd, org.springframework.security.web.access.ExceptionTranslationFilter@52c2e569, org.springframework.security.web.access.intercept.FilterSecurityInterceptor@7eb379f2]
2023-10-15 12:16:44.173  INFO 11038 --- [restartedMain] o.s.b.a.w.s.WelcomePageHandlerMapping    : Adding welcome page template: index
2023-10-15 12:16:44.499  INFO 11038 --- [restartedMain] o.s.b.d.a.OptionalLiveReloadServer       : LiveReload server is running on port 35729
2023-10-15 12:16:44.522  INFO 11038 --- [restartedMain] o.s.b.w.embedded.tomcat.TomcatWebServer  : Tomcat started on port(s): 8080 (http) with context path ''
2023-10-15 12:16:44.531  INFO 11038 --- [restartedMain] com.ShopMe.ShopMeApplication             : Started ShopMeApplication in 3.486 seconds (JVM running for 4.068)
2023-10-15 12:16:50.557  INFO 11038 --- [http-nio-8080-exec-1] o.a.c.c.C.[Tomcat].[localhost].[/]       : Initializing Spring DispatcherServlet 'dispatcherServlet'
2023-10-15 12:16:50.557  INFO 11038 --- [http-nio-8080-exec-1] o.s.web.servlet.DispatcherServlet        : Initializing Servlet 'dispatcherServlet'
2023-10-15 12:16:50.558  INFO 11038 --- [http-nio-8080-exec-1] o.s.web.servlet.DispatcherServlet        : Completed initialization in 1 ms
2023-10-15 12:17:27.754  INFO 11038 --- [SpringApplicationShutdownHook] j.LocalContainerEntityManagerFactoryBean : Closing JPA EntityManagerFactory for persistence unit 'default'
2023-10-15 12:17:27.756  INFO 11038 --- [SpringApplicationShutdownHook] com.zaxxer.hikari.HikariDataSource       : ecomm_shopme - Shutdown initiated...
2023-10-15 12:17:27.759  INFO 11038 --- [SpringApplicationShutdownHook] com.zaxxer.hikari.HikariDataSource       : ecomm_shopme - Shutdown completed.
